Connecting to database specified by database.yml
Connecting to database specified by database.yml


Started GET "/" for 127.0.0.1 at 2012-09-07 18:26:03 +0530
Connecting to database specified by database.yml
Processing by PostsController#index as HTML
Completed 500 Internal Server Error in 66ms

ActiveRecord::StatementInvalid (Could not find table 'posts'):
  app/controllers/posts_controller.rb:5:in `index'


  Rendered /usr/local/lib/ruby/gems/1.9.1/gems/actionpack-3.2.6/lib/action_dispatch/middleware/templates/rescues/_trace.erb (3.1ms)
  Rendered /usr/local/lib/ruby/gems/1.9.1/gems/actionpack-3.2.6/lib/action_dispatch/middleware/templates/rescues/_request_and_response.erb (0.8ms)
  Rendered /usr/local/lib/ruby/gems/1.9.1/gems/actionpack-3.2.6/lib/action_dispatch/middleware/templates/rescues/diagnostics.erb within rescues/layout (25.9ms)


Started GET "/" for 127.0.0.1 at 2012-09-07 18:30:42 +0530
Connecting to database specified by database.yml
Processing by PostsController#index as HTML
  [1m[36mPost Load (51.1ms)[0m  [1mSELECT `posts`.* FROM `posts` [0m
  Rendered posts/index.html.erb within layouts/application (51.6ms)
Compiled posts.css  (49ms)  (pid 16411)
Compiled scaffolds.css  (9ms)  (pid 16411)
Compiled application.css  (223ms)  (pid 16411)
Compiled jquery.js  (4ms)  (pid 16411)
Compiled jquery_ujs.js  (0ms)  (pid 16411)
Compiled posts.js  (93ms)  (pid 16411)
Compiled application.js  (184ms)  (pid 16411)
Completed 200 OK in 875ms (Views: 606.9ms | ActiveRecord: 229.7ms)


Started GET "/assets/application.css?body=1" for 127.0.0.1 at 2012-09-07 18:30:44 +0530
Served asset /application.css - 200 OK (3ms)


Started GET "/assets/jquery.js?body=1" for 127.0.0.1 at 2012-09-07 18:30:44 +0530
Served asset /jquery.js - 200 OK (3ms)


Started GET "/assets/scaffolds.css?body=1" for 127.0.0.1 at 2012-09-07 18:30:44 +0530
Served asset /scaffolds.css - 200 OK (1ms)


Started GET "/assets/posts.css?body=1" for 127.0.0.1 at 2012-09-07 18:30:44 +0530
Served asset /posts.css - 200 OK (1ms)


Started GET "/assets/application.js?body=1" for 127.0.0.1 at 2012-09-07 18:30:44 +0530
Served asset /application.js - 200 OK (4ms)


Started GET "/assets/jquery_ujs.js?body=1" for 127.0.0.1 at 2012-09-07 18:30:44 +0530
Served asset /jquery_ujs.js - 200 OK (2ms)


Started GET "/assets/posts.js?body=1" for 127.0.0.1 at 2012-09-07 18:30:44 +0530
Served asset /posts.js - 200 OK (1ms)


Started GET "/posts/2/edit" for 127.0.0.1 at 2012-09-07 18:30:52 +0530
Processing by PostsController#edit as HTML
  Parameters: {"id"=>"2"}
  [1m[35mPost Load (21.3ms)[0m  SELECT `posts`.* FROM `posts` WHERE `posts`.`id` = 2 LIMIT 1
  Rendered posts/_form.html.erb (62.9ms)
  Rendered posts/edit.html.erb within layouts/application (78.6ms)
Completed 200 OK in 108ms (Views: 84.6ms | ActiveRecord: 21.3ms)


Started PUT "/posts/2" for 127.0.0.1 at 2012-09-07 18:31:10 +0530
Processing by PostsController#update as HTML
  Parameters: {"utf8"=>"✓", "authenticity_token"=>"kc2N/eLOY8xpA3+JMvhIOpx7a+tXFhmQK3qeNXZpvgs=", "post"=>{"content"=>"my name is datt"}, "commit"=>"Update Post", "id"=>"2"}
  [1m[36mPost Load (0.2ms)[0m  [1mSELECT `posts`.* FROM `posts` WHERE `posts`.`id` = 2 LIMIT 1[0m
  [1m[35m (0.1ms)[0m  BEGIN
  [1m[36m (60.1ms)[0m  [1mUPDATE `posts` SET `content` = 'my name is datt', `updated_at` = '2012-09-07 13:01:10' WHERE `posts`.`id` = 2[0m
  [1m[35m (52.7ms)[0m  COMMIT
Redirected to http://localhost:3000/posts/2
Completed 302 Found in 267ms (ActiveRecord: 113.1ms)


Started GET "/posts/2" for 127.0.0.1 at 2012-09-07 18:31:10 +0530
Processing by PostsController#show as HTML
  Parameters: {"id"=>"2"}
  [1m[36mPost Load (0.3ms)[0m  [1mSELECT `posts`.* FROM `posts` WHERE `posts`.`id` = 2 LIMIT 1[0m
  Rendered posts/show.html.erb within layouts/application (0.8ms)
Completed 200 OK in 6ms (Views: 5.2ms | ActiveRecord: 0.3ms)


Started GET "/posts" for 127.0.0.1 at 2012-09-07 18:31:13 +0530
Processing by PostsController#index as HTML
  [1m[35mPost Load (0.3ms)[0m  SELECT `posts`.* FROM `posts` 
  Rendered posts/index.html.erb within layouts/application (27.7ms)
Completed 200 OK in 51ms (Views: 48.6ms | ActiveRecord: 0.3ms)


Started DELETE "/posts/14" for 127.0.0.1 at 2012-09-07 18:32:29 +0530
Processing by PostsController#destroy as HTML
  Parameters: {"authenticity_token"=>"kc2N/eLOY8xpA3+JMvhIOpx7a+tXFhmQK3qeNXZpvgs=", "id"=>"14"}
  [1m[36mPost Load (0.4ms)[0m  [1mSELECT `posts`.* FROM `posts` WHERE `posts`.`id` = 14 LIMIT 1[0m
  [1m[35m (0.1ms)[0m  BEGIN
  [1m[36mSQL (0.2ms)[0m  [1mDELETE FROM `posts` WHERE `posts`.`id` = 14[0m
  [1m[35m (40.0ms)[0m  COMMIT
Redirected to http://localhost:3000/posts
Completed 302 Found in 44ms (ActiveRecord: 40.7ms)


Started GET "/posts" for 127.0.0.1 at 2012-09-07 18:32:29 +0530
Processing by PostsController#index as HTML
  [1m[36mPost Load (0.3ms)[0m  [1mSELECT `posts`.* FROM `posts` [0m
  Rendered posts/index.html.erb within layouts/application (38.0ms)
Completed 200 OK in 47ms (Views: 42.6ms | ActiveRecord: 0.3ms)


Started DELETE "/posts/18" for 127.0.0.1 at 2012-09-07 18:32:37 +0530
Processing by PostsController#destroy as HTML
  Parameters: {"authenticity_token"=>"kc2N/eLOY8xpA3+JMvhIOpx7a+tXFhmQK3qeNXZpvgs=", "id"=>"18"}
  [1m[35mPost Load (0.3ms)[0m  SELECT `posts`.* FROM `posts` WHERE `posts`.`id` = 18 LIMIT 1
  [1m[36m (0.1ms)[0m  [1mBEGIN[0m
  [1m[35mSQL (0.1ms)[0m  DELETE FROM `posts` WHERE `posts`.`id` = 18
  [1m[36m (37.1ms)[0m  [1mCOMMIT[0m
Redirected to http://localhost:3000/posts
Completed 302 Found in 39ms (ActiveRecord: 37.6ms)


Started GET "/posts" for 127.0.0.1 at 2012-09-07 18:32:37 +0530
Processing by PostsController#index as HTML
  [1m[35mPost Load (0.3ms)[0m  SELECT `posts`.* FROM `posts` 
  Rendered posts/index.html.erb within layouts/application (55.8ms)
Completed 200 OK in 62ms (Views: 59.9ms | ActiveRecord: 0.3ms)


Started DELETE "/posts/7" for 127.0.0.1 at 2012-09-07 18:40:48 +0530
Processing by PostsController#destroy as HTML
  Parameters: {"authenticity_token"=>"kc2N/eLOY8xpA3+JMvhIOpx7a+tXFhmQK3qeNXZpvgs=", "id"=>"7"}
  [1m[36mPost Load (0.4ms)[0m  [1mSELECT `posts`.* FROM `posts` WHERE `posts`.`id` = 7 LIMIT 1[0m
  [1m[35m (0.1ms)[0m  BEGIN
  [1m[36mSQL (0.2ms)[0m  [1mDELETE FROM `posts` WHERE `posts`.`id` = 7[0m
  [1m[35m (35.4ms)[0m  COMMIT
Redirected to http://localhost:3000/posts
Completed 302 Found in 38ms (ActiveRecord: 36.0ms)


Started GET "/posts" for 127.0.0.1 at 2012-09-07 18:40:48 +0530
Processing by PostsController#index as HTML
  [1m[36mPost Load (0.3ms)[0m  [1mSELECT `posts`.* FROM `posts` [0m
  Rendered posts/index.html.erb within layouts/application (45.0ms)
Completed 200 OK in 52ms (Views: 48.8ms | ActiveRecord: 0.3ms)


Started GET "/assets/posts.css?body=1" for 127.0.0.1 at 2012-09-07 18:40:48 +0530
Served asset /posts.css - 304 Not Modified (0ms)


Started GET "/assets/scaffolds.css?body=1" for 127.0.0.1 at 2012-09-07 18:40:48 +0530
Served asset /scaffolds.css - 304 Not Modified (0ms)


Started GET "/assets/posts.js?body=1" for 127.0.0.1 at 2012-09-07 18:40:48 +0530
Served asset /posts.js - 304 Not Modified (0ms)


Started DELETE "/posts/19" for 127.0.0.1 at 2012-09-07 18:41:01 +0530
Processing by PostsController#destroy as HTML
  Parameters: {"authenticity_token"=>"kc2N/eLOY8xpA3+JMvhIOpx7a+tXFhmQK3qeNXZpvgs=", "id"=>"19"}
  [1m[35mPost Load (0.3ms)[0m  SELECT `posts`.* FROM `posts` WHERE `posts`.`id` = 19 LIMIT 1
  [1m[36m (0.1ms)[0m  [1mBEGIN[0m
  [1m[35mSQL (0.2ms)[0m  DELETE FROM `posts` WHERE `posts`.`id` = 19
  [1m[36m (37.4ms)[0m  [1mCOMMIT[0m
Redirected to http://localhost:3000/posts
Completed 302 Found in 40ms (ActiveRecord: 38.0ms)


Started GET "/posts" for 127.0.0.1 at 2012-09-07 18:41:01 +0530
Processing by PostsController#index as HTML
  [1m[35mPost Load (0.2ms)[0m  SELECT `posts`.* FROM `posts` 
  Rendered posts/index.html.erb within layouts/application (28.5ms)
Completed 200 OK in 35ms (Views: 32.1ms | ActiveRecord: 0.2ms)


Started GET "/assets/posts.css?body=1" for 127.0.0.1 at 2012-09-07 18:41:01 +0530
Served asset /posts.css - 304 Not Modified (0ms)


Started GET "/assets/posts.js?body=1" for 127.0.0.1 at 2012-09-07 18:41:01 +0530
Served asset /posts.js - 304 Not Modified (0ms)


Started GET "/assets/scaffolds.css?body=1" for 127.0.0.1 at 2012-09-07 18:41:01 +0530
Served asset /scaffolds.css - 304 Not Modified (0ms)


Started DELETE "/posts/11" for 127.0.0.1 at 2012-09-07 18:41:30 +0530
Processing by PostsController#destroy as HTML
  Parameters: {"authenticity_token"=>"kc2N/eLOY8xpA3+JMvhIOpx7a+tXFhmQK3qeNXZpvgs=", "id"=>"11"}
  [1m[36mPost Load (0.4ms)[0m  [1mSELECT `posts`.* FROM `posts` WHERE `posts`.`id` = 11 LIMIT 1[0m
  [1m[35m (0.1ms)[0m  BEGIN
  [1m[36mSQL (0.2ms)[0m  [1mDELETE FROM `posts` WHERE `posts`.`id` = 11[0m
  [1m[35m (70.5ms)[0m  COMMIT
Redirected to http://localhost:3000/posts
Completed 302 Found in 73ms (ActiveRecord: 71.2ms)


Started GET "/posts" for 127.0.0.1 at 2012-09-07 18:41:30 +0530
Processing by PostsController#index as HTML
  [1m[36mPost Load (0.4ms)[0m  [1mSELECT `posts`.* FROM `posts` [0m
  Rendered posts/index.html.erb within layouts/application (28.6ms)
Completed 200 OK in 37ms (Views: 32.7ms | ActiveRecord: 0.4ms)


Started GET "/assets/posts.css?body=1" for 127.0.0.1 at 2012-09-07 18:41:30 +0530
Served asset /posts.css - 304 Not Modified (0ms)


Started GET "/assets/scaffolds.css?body=1" for 127.0.0.1 at 2012-09-07 18:41:30 +0530
Served asset /scaffolds.css - 304 Not Modified (0ms)


Started GET "/assets/posts.js?body=1" for 127.0.0.1 at 2012-09-07 18:41:30 +0530
Served asset /posts.js - 304 Not Modified (0ms)
